<?xml version="1.0" encoding="UTF-8"?>
<!-- Generated by org.testng.reporters.JUnitXMLReporter -->
<testsuite ignored="0" hostname="LAPTOP-8FIL7R3D" failures="1" tests="2" name="Test" time="7.426" errors="0" timestamp="2023-01-20T20:22:00 IST">
  <testcase classname="TestScripts.AssertionsExamples" name="example" time="3.643"/>
  <testcase classname="TestScripts.AssertionsExamples" name="example2" time="2.978">
    <failure type="java.lang.NullPointerException">
      <![CDATA[java.lang.NullPointerException
at TestScripts.AssertionsExamples.example2(AssertionsExamples.java:37)
at java.base/java.util.ArrayList.forEach(ArrayList.java:1511)
... Removed 25 stack frames]]>
    </failure>
  </testcase> <!-- example2 -->
</testsuite> <!-- Test -->
