<?xml version="1.0" encoding="UTF-8"?>
<testng-results ignored="0" total="1" passed="1" failed="0" skipped="0">
  <reporter-output>
  </reporter-output>
  <suite started-at="2023-01-25T16:37:30 IST" name="Default suite" finished-at="2023-01-25T16:37:39 IST" duration-ms="8872">
    <groups>
    </groups>
    <test started-at="2023-01-25T16:37:30 IST" name="Default test" finished-at="2023-01-25T16:37:39 IST" duration-ms="8872">
      <class name="TestScripts.TestCases">
        <test-method is-config="true" signature="beforeMethodImplementation()[pri:0, instance:TestScripts.TestCases@771a660]" started-at="2023-01-25T16:37:30 IST" name="beforeMethodImplementation" finished-at="2023-01-25T16:37:37 IST" duration-ms="6700" status="PASS">
          <reporter-output>
          </reporter-output>
        </test-method> <!-- beforeMethodImplementation -->
        <test-method signature="EndToEndFlow()[pri:0, instance:TestScripts.TestCases@771a660]" started-at="2023-01-25T16:37:37 IST" name="EndToEndFlow" finished-at="2023-01-25T16:37:39 IST" duration-ms="2070" status="PASS">
          <reporter-output>
          </reporter-output>
        </test-method> <!-- EndToEndFlow -->
        <test-method is-config="true" signature="quit()[pri:0, instance:TestScripts.TestCases@771a660]" started-at="2023-01-25T16:37:39 IST" name="quit" finished-at="2023-01-25T16:37:39 IST" duration-ms="1" status="PASS">
          <reporter-output>
          </reporter-output>
        </test-method> <!-- quit -->
      </class> <!-- TestScripts.TestCases -->
    </test> <!-- Default test -->
  </suite> <!-- Default suite -->
</testng-results>
