<?xml version="1.0" encoding="UTF-8"?>
<!-- Generated by org.testng.reporters.JUnitXMLReporter -->
<testsuite ignored="2" hostname="LAPTOP-8FIL7R3D" failures="0" tests="5" name="facebookTests" time="20.947" errors="0" timestamp="2023-01-19T19:25:49 IST">
  <testcase classname="TestScripts.TestScripts" name="TC4" time="0.0"/>
  <testcase classname="TestScripts.FaceBookTestCases" name="LoginFunctionality" time="0.397"/>
  <testcase classname="TestScripts.FaceBookTestCases" name="LoginFunctionality" time="0.223"/>
  <testcase classname="TestScripts.FaceBookTestCases" name="LoginFunctionality" time="0.185"/>
  <testcase classname="TestScripts.FaceBookTestCases" name="LoginFunctionality" time="0.191"/>
  <testcase classname="TestScripts.TestScripts" name="TC3" time="0.0">
    <ignored/>
  </testcase> <!-- TC3 -->
  <testcase classname="TestScripts.TestScripts" name="TC1" time="0.0">
    <ignored/>
  </testcase> <!-- TC1 -->
</testsuite> <!-- facebookTests -->
